<?xml version="1.0" encoding="UTF-8"?>
<!-- Generated by org.testng.reporters.JUnitXMLReporter -->
<testsuite hostname="DESKTOP-HHJ4EMQ" ignored="0" name="Default test" tests="4" failures="0" timestamp="27 Apr 2021 02:13:05 GMT" time="15.126" errors="0">
  <testcase name="tc2" time="5.195" classname="org.sam.AdactLogin"/>
  <testcase name="tc2" time="4.285" classname="org.sam.AdactLogin"/>
  <testcase name="tc2" time="4.242" classname="org.sam.AdactLogin"/>
  <testcase name="tc1" time="1.369" classname="org.sam.AdactLogin"/>
</testsuite> <!-- Default test -->
