<?xml version="1.0" encoding="UTF-8"?>
<!-- Generated by org.testng.reporters.JUnitXMLReporter -->
<testsuite hostname="DESKTOP-HHJ4EMQ" ignored="0" name="Test" tests="4" failures="0" timestamp="27 Apr 2021 18:56:37 GMT" time="14.64" errors="0">
  <testcase name="tc2" time="0.151" classname="org.sam.AdactLogin"/>
  <testcase name="tc1" time="1.223" classname="org.sam.AdactLogin"/>
  <testcase name="tc2" time="1.795" classname="org.sam.AdactSearch"/>
  <testcase name="tc3" time="6.247" classname="org.sam.AdactOrder"/>
</testsuite> <!-- Test -->
